This is e-pTeX, Version 3.1415926-p3.4-110825-2.6 (utf8.euc) (TeX Live 2013) (format=platex 2016.10.26)  6 JUN 2017 22:38
entering extended mode
 restricted \write18 enabled.
 file:line:error style messages enabled.
 %&-line parsing enabled.
**NAIST_essay
(./NAIST_essay.tex
pLaTeX2e <2006/11/10> (based on LaTeX2e <2011/06/27> patch level 0)
Babel <3.9k> and hyphenation patterns for 78 languages loaded.

(/Applications/TeXLive/Library/texlive/2013/texmf-dist/tex/platex/base/jarticle
.cls
Document Class: jarticle 2006/06/27 v1.6 Standard pLaTeX class
\c@@paper=\count81

(/Applications/TeXLive/Library/texlive/2013/texmf-dist/tex/platex/base/jsize10.
clo
File: jsize10.clo 2006/06/27 v1.6 Standard pLaTeX file (size option)
)
\c@part=\count82
\c@section=\count83
\c@subsection=\count84
\c@subsubsection=\count85
\c@paragraph=\count86
\c@subparagraph=\count87
\c@figure=\count88
\c@table=\count89
\abovecaptionskip=\skip41
\belowcaptionskip=\skip42
\symmincho=\mathgroup4
LaTeX Font Info:    Overwriting symbol font `mincho' in version `bold'
(Font)                  JY1/mc/m/n --> JY1/gt/m/n on input line 601.
\toclineskip=\dimen118
\@lnumwidth=\dimen119
\bibindent=\dimen120
\heisei=\count90
)
(/Applications/TeXLive/Library/texlive/2013/texmf-dist/tex/latex/base/textcomp.
sty
Package: textcomp 2005/09/27 v1.99g Standard LaTeX package
Package textcomp Info: Sub-encoding information:
(textcomp)               5 = only ISO-Adobe without \textcurrency
(textcomp)               4 = 5 + \texteuro
(textcomp)               3 = 4 + \textohm
(textcomp)               2 = 3 + \textestimated + \textcurrency
(textcomp)               1 = TS1 - \textcircled - \t
(textcomp)               0 = TS1 (full)
(textcomp)             Font families with sub-encoding setting implement
(textcomp)             only a restricted character set as indicated.
(textcomp)             Family '?' is the default used for unknown fonts.
(textcomp)             See the documentation for details.
Package textcomp Info: Setting ? sub-encoding to TS1/1 on input line 71.

(/Applications/TeXLive/Library/texlive/2013/texmf-dist/tex/latex/base/ts1enc.de
f
File: ts1enc.def 2001/06/05 v3.0e (jk/car/fm) Standard LaTeX file
)
LaTeX Info: Redefining \oldstylenums on input line 266.
Package textcomp Info: Setting cmr sub-encoding to TS1/0 on input line 281.
Package textcomp Info: Setting cmss sub-encoding to TS1/0 on input line 282.
Package textcomp Info: Setting cmtt sub-encoding to TS1/0 on input line 283.
Package textcomp Info: Setting cmvtt sub-encoding to TS1/0 on input line 284.
Package textcomp Info: Setting cmbr sub-encoding to TS1/0 on input line 285.
Package textcomp Info: Setting cmtl sub-encoding to TS1/0 on input line 286.
Package textcomp Info: Setting ccr sub-encoding to TS1/0 on input line 287.
Package textcomp Info: Setting ptm sub-encoding to TS1/4 on input line 288.
Package textcomp Info: Setting pcr sub-encoding to TS1/4 on input line 289.
Package textcomp Info: Setting phv sub-encoding to TS1/4 on input line 290.
Package textcomp Info: Setting ppl sub-encoding to TS1/3 on input line 291.
Package textcomp Info: Setting pag sub-encoding to TS1/4 on input line 292.
Package textcomp Info: Setting pbk sub-encoding to TS1/4 on input line 293.
Package textcomp Info: Setting pnc sub-encoding to TS1/4 on input line 294.
Package textcomp Info: Setting pzc sub-encoding to TS1/4 on input line 295.
Package textcomp Info: Setting bch sub-encoding to TS1/4 on input line 296.
Package textcomp Info: Setting put sub-encoding to TS1/5 on input line 297.
Package textcomp Info: Setting uag sub-encoding to TS1/5 on input line 298.
Package textcomp Info: Setting ugq sub-encoding to TS1/5 on input line 299.
Package textcomp Info: Setting ul8 sub-encoding to TS1/4 on input line 300.
Package textcomp Info: Setting ul9 sub-encoding to TS1/4 on input line 301.
Package textcomp Info: Setting augie sub-encoding to TS1/5 on input line 302.
Package textcomp Info: Setting dayrom sub-encoding to TS1/3 on input line 303.
Package textcomp Info: Setting dayroms sub-encoding to TS1/3 on input line 304.

Package textcomp Info: Setting pxr sub-encoding to TS1/0 on input line 305.
Package textcomp Info: Setting pxss sub-encoding to TS1/0 on input line 306.
Package textcomp Info: Setting pxtt sub-encoding to TS1/0 on input line 307.
Package textcomp Info: Setting txr sub-encoding to TS1/0 on input line 308.
Package textcomp Info: Setting txss sub-encoding to TS1/0 on input line 309.
Package textcomp Info: Setting txtt sub-encoding to TS1/0 on input line 310.
Package textcomp Info: Setting lmr sub-encoding to TS1/0 on input line 311.
Package textcomp Info: Setting lmdh sub-encoding to TS1/0 on input line 312.
Package textcomp Info: Setting lmss sub-encoding to TS1/0 on input line 313.
Package textcomp Info: Setting lmssq sub-encoding to TS1/0 on input line 314.
Package textcomp Info: Setting lmvtt sub-encoding to TS1/0 on input line 315.
Package textcomp Info: Setting qhv sub-encoding to TS1/0 on input line 316.
Package textcomp Info: Setting qag sub-encoding to TS1/0 on input line 317.
Package textcomp Info: Setting qbk sub-encoding to TS1/0 on input line 318.
Package textcomp Info: Setting qcr sub-encoding to TS1/0 on input line 319.
Package textcomp Info: Setting qcs sub-encoding to TS1/0 on input line 320.
Package textcomp Info: Setting qpl sub-encoding to TS1/0 on input line 321.
Package textcomp Info: Setting qtm sub-encoding to TS1/0 on input line 322.
Package textcomp Info: Setting qzc sub-encoding to TS1/0 on input line 323.
Package textcomp Info: Setting qhvc sub-encoding to TS1/0 on input line 324.
Package textcomp Info: Setting futs sub-encoding to TS1/4 on input line 325.
Package textcomp Info: Setting futx sub-encoding to TS1/4 on input line 326.
Package textcomp Info: Setting futj sub-encoding to TS1/4 on input line 327.
Package textcomp Info: Setting hlh sub-encoding to TS1/3 on input line 328.
Package textcomp Info: Setting hls sub-encoding to TS1/3 on input line 329.
Package textcomp Info: Setting hlst sub-encoding to TS1/3 on input line 330.
Package textcomp Info: Setting hlct sub-encoding to TS1/5 on input line 331.
Package textcomp Info: Setting hlx sub-encoding to TS1/5 on input line 332.
Package textcomp Info: Setting hlce sub-encoding to TS1/5 on input line 333.
Package textcomp Info: Setting hlcn sub-encoding to TS1/5 on input line 334.
Package textcomp Info: Setting hlcw sub-encoding to TS1/5 on input line 335.
Package textcomp Info: Setting hlcf sub-encoding to TS1/5 on input line 336.
Package textcomp Info: Setting pplx sub-encoding to TS1/3 on input line 337.
Package textcomp Info: Setting pplj sub-encoding to TS1/3 on input line 338.
Package textcomp Info: Setting ptmx sub-encoding to TS1/4 on input line 339.
Package textcomp Info: Setting ptmj sub-encoding to TS1/4 on input line 340.
)
(/Applications/TeXLive/Library/texlive/2013/texmf-dist/tex/latex/psnfss/mathpaz
o.sty
Package: mathpazo 2005/04/12 PSNFSS-v9.2a Palatino w/ Pazo Math (D.Puga, WaS) 
\symupright=\mathgroup5
)
(/Applications/TeXLive/Library/texlive/2013/texmf-dist/tex/latex/psnfss/helvet.
sty
Package: helvet 2005/04/12 PSNFSS-v9.2a (WaS) 

(/Applications/TeXLive/Library/texlive/2013/texmf-dist/tex/latex/graphics/keyva
l.sty
Package: keyval 1999/03/16 v1.13 key=value parser (DPC)
\KV@toks@=\toks15
))
(/Applications/TeXLive/Library/texlive/2013/texmf-dist/tex/latex/amsmath/amsmat
h.sty
Package: amsmath 2013/01/14 v2.14 AMS math features
\@mathmargin=\skip43

For additional information on amsmath, use the `?' option.

(/Applications/TeXLive/Library/texlive/2013/texmf-dist/tex/latex/amsmath/amstex
t.sty
Package: amstext 2000/06/29 v2.01

(/Applications/TeXLive/Library/texlive/2013/texmf-dist/tex/latex/amsmath/amsgen
.sty
File: amsgen.sty 1999/11/30 v2.0
\@emptytoks=\toks16
\ex@=\dimen121
))
(/Applications/TeXLive/Library/texlive/2013/texmf-dist/tex/latex/amsmath/amsbsy
.sty
Package: amsbsy 1999/11/29 v1.2d
\pmbraise@=\dimen122
)
(/Applications/TeXLive/Library/texlive/2013/texmf-dist/tex/latex/amsmath/amsopn
.sty
Package: amsopn 1999/12/14 v2.01 operator names
)
\inf@bad=\count91
LaTeX Info: Redefining \frac on input line 210.
\uproot@=\count92
\leftroot@=\count93
LaTeX Info: Redefining \overline on input line 306.
\classnum@=\count94
\DOTSCASE@=\count95
LaTeX Info: Redefining \ldots on input line 378.
LaTeX Info: Redefining \dots on input line 381.
LaTeX Info: Redefining \cdots on input line 466.
\Mathstrutbox@=\box41
\strutbox@=\box42
\big@size=\dimen123
LaTeX Font Info:    Redeclaring font encoding OML on input line 566.
LaTeX Font Info:    Redeclaring font encoding OMS on input line 567.
\macc@depth=\count96
\c@MaxMatrixCols=\count97
\dotsspace@=\muskip10
\c@parentequation=\count98
\dspbrk@lvl=\count99
\tag@help=\toks17
\row@=\count100
\column@=\count101
\maxfields@=\count102
\andhelp@=\toks18
\eqnshift@=\dimen124
\alignsep@=\dimen125
\tagshift@=\dimen126
\tagwidth@=\dimen127
\totwidth@=\dimen128
\lineht@=\dimen129
\@envbody=\toks19
\multlinegap=\skip44
\multlinetaggap=\skip45
\mathdisplay@stack=\toks20
LaTeX Info: Redefining \[ on input line 2665.
LaTeX Info: Redefining \] on input line 2666.
)
(/Applications/TeXLive/Library/texlive/2013/texmf-dist/tex/latex/amsfonts/amssy
mb.sty
Package: amssymb 2013/01/14 v3.01 AMS font symbols

(/Applications/TeXLive/Library/texlive/2013/texmf-dist/tex/latex/amsfonts/amsfo
nts.sty
Package: amsfonts 2013/01/14 v3.01 Basic AMSFonts support
\symAMSa=\mathgroup6
\symAMSb=\mathgroup7
LaTeX Font Info:    Overwriting math alphabet `\mathfrak' in version `bold'
(Font)                  U/euf/m/n --> U/euf/b/n on input line 106.
))
(/Applications/TeXLive/Library/texlive/2013/texmf-dist/tex/platex/japanese-otf-
uptex/otf.sty
Package: otf 2013/11/17 v1.7b6 psitau, u0.13 ttk
LaTeX Font Info:    Redeclaring symbol font `mincho' on input line 284.
LaTeX Font Info:    Overwriting symbol font `mincho' in version `normal'
(Font)                  JY1/mc/m/n --> JY1/hmc/m/n on input line 284.
LaTeX Font Info:    Overwriting symbol font `mincho' in version `bold'
(Font)                  JY1/gt/m/n --> JY1/hmc/m/n on input line 284.
LaTeX Font Info:    Overwriting symbol font `mincho' in version `bold'
(Font)                  JY1/hmc/m/n --> JY1/hmc/bx/n on input line 284.
LaTeX Font Info:    Redeclaring math alphabet \mathgt on input line 284.
LaTeX Font Info:    Overwriting math alphabet `\mathgt' in version `normal'
(Font)                  JY1/gt/m/n --> JY1/hgt/m/n on input line 284.
LaTeX Font Info:    Overwriting math alphabet `\mathgt' in version `bold'
(Font)                  JY1/gt/m/n --> JY1/hgt/m/n on input line 284.
LaTeX Font Info:    Overwriting math alphabet `\mathgt' in version `bold'
(Font)                  JY1/hgt/m/n --> JY1/hgt/bx/n on input line 284.

(/Applications/TeXLive/Library/texlive/2013/texmf-dist/tex/platex/japanese-otf/
ajmacros.sty
Package: ajmacros 2005/12/25 13:52 iNOUE Koich! <inoue@ma.ns.musashi-tech.ac.jp
>
\@tempcntc=\count103
\@tempcntd=\count104
\@tempcnte=\count105
\@tempcntf=\count106
))
(/Applications/TeXLive/Library/texlive/2013/texmf-dist/tex/latex/graphics/color
.sty
Package: color 2005/11/14 v1.0j Standard LaTeX Color (DPC)

(/Applications/TeXLive/Library/texlive/2013/texmf-dist/tex/latex/latexconfig/co
lor.cfg
File: color.cfg 2007/01/18 v1.5 color configuration of teTeX/TeXLive
)
Package color Info: Driver file: dvips.def on input line 130.

(/Applications/TeXLive/Library/texlive/2013/texmf-dist/tex/latex/graphics/dvips
.def
File: dvips.def 1999/02/16 v3.0i Driver-dependant file (DPC,SPQR)
)
(/Applications/TeXLive/Library/texlive/2013/texmf-dist/tex/latex/graphics/dvips
nam.def
File: dvipsnam.def 1999/02/16 v3.0i Driver-dependant file (DPC,SPQR)
))
(/Applications/TeXLive/Library/texlive/2013/texmf-dist/tex/latex/threeparttable
/threeparttable.sty
Package: threeparttable 2003/06/13  v 3.0
\@tempboxb=\box43
)
(/Applications/TeXLive/Library/texlive/2013/texmf-dist/tex/latex/graphics/graph
icx.sty
Package: graphicx 1999/02/16 v1.0f Enhanced LaTeX Graphics (DPC,SPQR)

(/Applications/TeXLive/Library/texlive/2013/texmf-dist/tex/latex/graphics/graph
ics.sty
Package: graphics 2009/02/05 v1.0o Standard LaTeX Graphics (DPC,SPQR)

(/Applications/TeXLive/Library/texlive/2013/texmf-dist/tex/latex/graphics/trig.
sty
Package: trig 1999/03/16 v1.09 sin cos tan (DPC)
)
(/Applications/TeXLive/Library/texlive/2013/texmf-dist/tex/latex/latexconfig/gr
aphics.cfg
File: graphics.cfg 2010/04/23 v1.9 graphics configuration of TeX Live
)
Package graphics Info: Driver file: dvipdfmx.def on input line 91.

(/Applications/TeXLive/Library/texlive/2013/texmf-dist/tex/latex/dvipdfmx-def/d
vipdfmx.def
File: dvipdfmx.def 2014/06/07 v3.6 LaTeX graphics driver for dvipdfmx (TeX Live
/ChoF)
))
\Gin@req@height=\dimen130
\Gin@req@width=\dimen131
)
(/Applications/TeXLive/Library/texlive/2013/texmf-dist/tex/latex/float/float.st
y
Package: float 2001/11/08 v1.3d Float enhancements (AL)
\c@float@type=\count107
\float@exts=\toks21
\float@box=\box44
\@float@everytoks=\toks22
\@floatcapt=\box45
)
(/Applications/TeXLive/Library/texlive/2013/texmf-dist/tex/latex/fancyhdr/fancy
hdr.sty
\fancy@headwidth=\skip46
\f@ncyO@elh=\skip47
\f@ncyO@erh=\skip48
\f@ncyO@olh=\skip49
\f@ncyO@orh=\skip50
\f@ncyO@elf=\skip51
\f@ncyO@erf=\skip52
\f@ncyO@olf=\skip53
\f@ncyO@orf=\skip54
)
(/Applications/TeXLive/Library/texlive/2013/texmf-dist/tex/latex/titlesec/title
sec.sty
Package: titlesec 2011/12/15 v2.10.0 Sectioning titles
\ttl@box=\box46
\beforetitleunit=\skip55
\aftertitleunit=\skip56
\ttl@plus=\dimen132
\ttl@minus=\dimen133
\ttl@toksa=\toks23
\titlewidth=\dimen134
\titlewidthlast=\dimen135
\titlewidthfirst=\dimen136
)
(/Applications/TeXLive/Library/texlive/2013/texmf-dist/tex/latex/geometry/geome
try.sty
Package: geometry 2010/09/12 v5.6 Page Geometry

(/Applications/TeXLive/Library/texlive/2013/texmf-dist/tex/generic/oberdiek/ifp
df.sty
Package: ifpdf 2011/01/30 v2.3 Provides the ifpdf switch (HO)
Package ifpdf Info: pdfTeX in PDF mode is not detected.
)
(/Applications/TeXLive/Library/texlive/2013/texmf-dist/tex/generic/oberdiek/ifv
tex.sty
Package: ifvtex 2010/03/01 v1.5 Detect VTeX and its facilities (HO)
Package ifvtex Info: VTeX not detected.
)
(/Applications/TeXLive/Library/texlive/2013/texmf-dist/tex/generic/ifxetex/ifxe
tex.sty
Package: ifxetex 2010/09/12 v0.6 Provides ifxetex conditional
)
\Gm@cnth=\count108
\Gm@cntv=\count109
\c@Gm@tempcnt=\count110
\Gm@bindingoffset=\dimen137
\Gm@wd@mp=\dimen138
\Gm@odd@mp=\dimen139
\Gm@even@mp=\dimen140
\Gm@layoutwidth=\dimen141
\Gm@layoutheight=\dimen142
\Gm@layouthoffset=\dimen143
\Gm@layoutvoffset=\dimen144
\Gm@dimlist=\toks24
)

LaTeX Warning: Unused global option(s):
    [2pt].

(./NAIST_essay.aux)
\openout1 = `NAIST_essay.aux'.

LaTeX Font Info:    Checking defaults for OML/cmm/m/it on input line 30.
LaTeX Font Info:    ... okay on input line 30.
LaTeX Font Info:    Checking defaults for T1/cmr/m/n on input line 30.
LaTeX Font Info:    ... okay on input line 30.
LaTeX Font Info:    Checking defaults for OT1/cmr/m/n on input line 30.
LaTeX Font Info:    ... okay on input line 30.
LaTeX Font Info:    Checking defaults for OMS/cmsy/m/n on input line 30.
LaTeX Font Info:    ... okay on input line 30.
LaTeX Font Info:    Checking defaults for OMX/cmex/m/n on input line 30.
LaTeX Font Info:    ... okay on input line 30.
LaTeX Font Info:    Checking defaults for U/cmr/m/n on input line 30.
LaTeX Font Info:    ... okay on input line 30.
LaTeX Font Info:    Checking defaults for JY1/mc/m/n on input line 30.
LaTeX Font Info:    ... okay on input line 30.
LaTeX Font Info:    Checking defaults for JT1/mc/m/n on input line 30.
LaTeX Font Info:    ... okay on input line 30.
LaTeX Font Info:    Checking defaults for TS1/cmr/m/n on input line 30.
LaTeX Font Info:    Try loading font information for TS1+cmr on input line 30.

(/Applications/TeXLive/Library/texlive/2013/texmf-dist/tex/latex/base/ts1cmr.fd
File: ts1cmr.fd 1999/05/25 v2.5h Standard LaTeX font definitions
)
LaTeX Font Info:    ... okay on input line 30.
 (I search kanjifont definition file: . . ) (I search font definition file: .
. . . . . . . )
LaTeX Font Info:    Font shape `JT1/hmc/m/n' will be
(Font)              scaled to size 9.6222pt on input line 30.
LaTeX Font Info:    Font shape `JY1/hmc/m/n' will be
(Font)              scaled to size 9.6222pt on input line 30.
LaTeX Font Info:    Try loading font information for OT1+pplx on input line 30.


(/Applications/TeXLive/Library/texlive/2013/texmf-dist/tex/latex/psnfss/ot1pplx
.fd
File: ot1pplx.fd 2004/09/06 font definitions for OT1/pplx.
)
*geometry* driver: auto-detecting
*geometry* detected driver: dvips
*geometry* verbose mode - [ preamble ] result:
* driver: dvips
* paper: <default>
* layout: <same size as paper>
* layoutoffset:(h,v)=(0.0pt,0.0pt)
* modes: 
* h-part:(L,W,R)=(71.13188pt, 455.24411pt, 71.13188pt)
* v-part:(T,H,B)=(85.35826pt, 674.33032pt, 85.35826pt)
* \paperwidth=597.50787pt
* \paperheight=845.04684pt
* \textwidth=455.24411pt
* \textheight=674.33032pt
* \oddsidemargin=-1.1381pt
* \evensidemargin=-1.1381pt
* \topmargin=-23.91173pt
* \headheight=12.0pt
* \headsep=25.0pt
* \topskip=7.77588pt
* \footskip=30.0pt
* \marginparwidth=43.0pt
* \marginparsep=10.0pt
* \columnsep=28.86649pt
* \skip\footins=9.0pt plus 4.0pt minus 2.0pt
* \hoffset=0.0pt
* \voffset=0.0pt
* \mag=1000
* \@twocolumntrue
* \@twosidefalse
* \@mparswitchfalse
* \@reversemarginfalse
* (1in=72.27pt=25.4mm, 1cm=28.453pt)

LaTeX Font Info:    Font shape `JT1/hmc/m/n' will be
(Font)              scaled to size 8.65997pt on input line 31.
LaTeX Font Info:    Font shape `JY1/hmc/m/n' will be
(Font)              scaled to size 8.65997pt on input line 31.
LaTeX Font Info:    Font shape `JT1/hmc/m/n' will be
(Font)              scaled to size 16.62714pt on input line 32.
LaTeX Font Info:    Font shape `JY1/hmc/m/n' will be
(Font)              scaled to size 16.62714pt on input line 32.
LaTeX Font Info:    Font shape `JT1/hmc/m/n' will be
(Font)              scaled to size 11.54663pt on input line 32.
LaTeX Font Info:    Font shape `JY1/hmc/m/n' will be
(Font)              scaled to size 11.54663pt on input line 32.
LaTeX Font Info:    Try loading font information for OML+zplm on input line 32.


(/Applications/TeXLive/Library/texlive/2013/texmf-dist/tex/latex/psnfss/omlzplm
.fd
File: omlzplm.fd 2002/09/08 Fontinst v1.914 font definitions for OML/zplm.
)
LaTeX Font Info:    Try loading font information for OMS+zplm on input line 32.


(/Applications/TeXLive/Library/texlive/2013/texmf-dist/tex/latex/psnfss/omszplm
.fd
File: omszplm.fd 2002/09/08 Fontinst v1.914 font definitions for OMS/zplm.
)
LaTeX Font Info:    Try loading font information for OMX+zplm on input line 32.


(/Applications/TeXLive/Library/texlive/2013/texmf-dist/tex/latex/psnfss/omxzplm
.fd
File: omxzplm.fd 2002/09/08 Fontinst v1.914 font definitions for OMX/zplm.
)
LaTeX Font Info:    Font shape `JY1/hmc/m/n' will be
(Font)              scaled to size 6.73553pt on input line 32.
LaTeX Font Info:    Try loading font information for OT1+zplm on input line 32.


(/Applications/TeXLive/Library/texlive/2013/texmf-dist/tex/latex/psnfss/ot1zplm
.fd
File: ot1zplm.fd 2002/09/08 Fontinst v1.914 font definitions for OT1/zplm.
)
LaTeX Font Info:    Font shape `U/msa/m/n' will be
(Font)              scaled to size 12.50409pt on input line 32.
LaTeX Font Info:    Font shape `U/msa/m/n' will be
(Font)              scaled to size 9.37807pt on input line 32.
LaTeX Font Info:    Font shape `U/msa/m/n' will be
(Font)              scaled to size 7.29405pt on input line 32.
LaTeX Font Info:    Font shape `U/msb/m/n' will be
(Font)              scaled to size 12.50409pt on input line 32.
LaTeX Font Info:    Font shape `U/msb/m/n' will be
(Font)              scaled to size 9.37807pt on input line 32.
LaTeX Font Info:    Font shape `U/msb/m/n' will be
(Font)              scaled to size 7.29405pt on input line 32.


LaTeX Warning: No \author given.

LaTeX Font Info:    Font shape `JT1/hmc/bx/n' in size <12> not available
(Font)              Font shape `JT1/hgt/m/n' tried instead on input line 34.
LaTeX Font Info:    Font shape `JT1/hgt/m/n' will be
(Font)              scaled to size 11.54663pt on input line 34.
LaTeX Font Info:    Font shape `JY1/hmc/bx/n' in size <12> not available
(Font)              Font shape `JY1/hgt/m/n' tried instead on input line 34.
LaTeX Font Info:    Font shape `JY1/hgt/m/n' will be
(Font)              scaled to size 11.54663pt on input line 34.
LaTeX Font Info:    Font shape `OT1/pplx/bx/n' in size <12> not available
(Font)              Font shape `OT1/pplx/b/n' tried instead on input line 34.
File: images/abstract_gray.jpg Graphic file (type bmp)
<images/abstract_gray.jpg>

Package Fancyhdr Warning: \headheight is too small (12.0pt): 
 Make it at least 42.96758pt.
 We now make it that large for the rest of the document.
 This may cause the page layout to be inconsistent, however.

[1


]
LaTeX Font Info:    Font shape `JY1/hmc/m/n' will be
(Font)              scaled to size 4.8111pt on input line 111.
LaTeX Font Info:    Font shape `U/msa/m/n' will be
(Font)              scaled to size 5.21004pt on input line 111.
LaTeX Font Info:    Font shape `U/msb/m/n' will be
(Font)              scaled to size 5.21004pt on input line 111.
File: images/flow_gray.jpg Graphic file (type bmp)
 <images/flow_gray.jpg> (./NAIST_essay.bbl
LaTeX Font Info:    Font shape `JT1/hgt/m/n' will be
(Font)              scaled to size 8.65997pt on input line 6.
LaTeX Font Info:    Font shape `JY1/hgt/m/n' will be
(Font)              scaled to size 8.65997pt on input line 6.


LaTeX Font Warning: Font shape `JT1/hgt/m/it' undefined
(Font)              using `JT1/hgt/m/n' instead on input line 6.


LaTeX Font Warning: Font shape `JY1/hgt/m/it' undefined
(Font)              using `JY1/hgt/m/n' instead on input line 6.

LaTeX Font Info:    Font shape `JT1/hgt/m/it' will be
(Font)              scaled to size 8.65997pt on input line 12.
LaTeX Font Info:    Font shape `JY1/hgt/m/it' will be
(Font)              scaled to size 8.65997pt on input line 12.
Missing character: There is no ^^e2 in font pplr9t!
Missing character: There is no ^^80 in font pplr9t!
Missing character: There is no ^^93 in font pplr9t!
) [2] (./NAIST_essay.aux)

LaTeX Font Warning: Some font shapes were not available, defaults substituted.

 ) 
Here is how much of TeX's memory you used:
 5007 strings out of 494001
 65834 string characters out of 6147733
 132680 words of memory out of 5000000
 8401 multiletter control sequences out of 15000+600000
 20632 words of font info for 77 fonts, out of 8000000 for 9000
 745 hyphenation exceptions out of 8191
 27i,11n,43p,323b,991s stack positions out of 5000i,500n,10000p,200000b,80000s

Output written on NAIST_essay.dvi (2 pages, 19736 bytes).
